<?xml version="1.0" encoding="UTF-8"?>
<!-- Generated by org.testng.reporters.JUnitXMLReporter -->
<testsuite ignored="2" hostname="LAPTOP-A39R353N" failures="0" tests="4" name="Test" time="24.136" errors="0" timestamp="2025-06-09T01:03:36 IST">
  <testcase classname="com.entrata.testcases.Test1" name="test1" time="0.363"/>
  <testcase classname="com.entrata.testcases.Test1" name="testPageNavigation" time="3.357"/>
  <testcase classname="com.entrata.testcases.Test2" name="testForinteractingWithDropDown" time="6.057"/>
  <testcase classname="com.entrata.testcases.Test2" name="testForinteractingwithInputBox" time="5.675"/>
  <testcase classname="com.entrata.testbase.TestBase" name="@AfterSuite tearDown" time="0.0">
    <ignored/>
  </testcase> <!-- @AfterSuite tearDown -->
  <testcase classname="com.entrata.testbase.TestBase" name="@BeforeSuite browserSetup" time="0.0">
    <ignored/>
  </testcase> <!-- @BeforeSuite browserSetup -->
</testsuite> <!-- Test -->
