<?xml version="1.0" encoding="UTF-8"?>
<testng-results ignored="0" total="1" passed="1" failed="0" skipped="0">
  <reporter-output>
  </reporter-output>
  <suite started-at="2025-06-07T13:34:54 IST" name="Suite" finished-at="2025-06-07T13:35:04 IST" duration-ms="10079">
    <groups>
    </groups>
    <test started-at="2025-06-07T13:34:54 IST" name="Test" finished-at="2025-06-07T13:35:04 IST" duration-ms="10079">
      <class name="com.entrata.testcases.TEst1">
        <test-method is-config="true" signature="browserSetup()[pri:0, instance:com.entrata.testcases.TEst1@384ad17b]" started-at="2025-06-07T13:34:51 IST" name="browserSetup" finished-at="2025-06-07T13:34:54 IST" duration-ms="2731" status="PASS">
          <reporter-output>
          </reporter-output>
        </test-method> <!-- browserSetup -->
        <test-method signature="test1()[pri:0, instance:com.entrata.testcases.TEst1@384ad17b]" started-at="2025-06-07T13:34:54 IST" name="test1" finished-at="2025-06-07T13:35:04 IST" duration-ms="10038" status="PASS">
          <reporter-output>
          </reporter-output>
        </test-method> <!-- test1 -->
        <test-method is-config="true" signature="tearDown()[pri:0, instance:com.entrata.testcases.TEst1@384ad17b]" started-at="2025-06-07T13:35:04 IST" name="tearDown" finished-at="2025-06-07T13:35:04 IST" duration-ms="273" status="PASS">
          <reporter-output>
          </reporter-output>
        </test-method> <!-- tearDown -->
      </class> <!-- com.entrata.testcases.TEst1 -->
    </test> <!-- Test -->
  </suite> <!-- Suite -->
</testng-results>
