<?xml version="1.0" encoding="UTF-8"?>
<testng-results ignored="0" total="2" passed="2" failed="0" skipped="0">
  <reporter-output>
  </reporter-output>
  <suite started-at="2025-06-07T20:31:41 IST" name="Default suite" finished-at="2025-06-07T20:31:55 IST" duration-ms="13843">
    <groups>
    </groups>
    <test started-at="2025-06-07T20:31:41 IST" name="Default test" finished-at="2025-06-07T20:31:55 IST" duration-ms="13843">
      <class name="com.entrata.testcases.Test2">
        <test-method is-config="true" signature="browserSetup()[pri:0, instance:com.entrata.testcases.Test2@28701274]" started-at="2025-06-07T20:31:14 IST" name="browserSetup" finished-at="2025-06-07T20:31:41 IST" duration-ms="27211" status="PASS">
          <reporter-output>
          </reporter-output>
        </test-method> <!-- browserSetup -->
        <test-method is-config="true" signature="testSetup()[pri:0, instance:com.entrata.testcases.Test2@28701274]" started-at="2025-06-07T20:31:41 IST" name="testSetup" finished-at="2025-06-07T20:31:41 IST" duration-ms="7" status="PASS">
          <reporter-output>
          </reporter-output>
        </test-method> <!-- testSetup -->
        <test-method signature="testForinteractingWithDropDown()[pri:0, instance:com.entrata.testcases.Test2@28701274]" started-at="2025-06-07T20:31:41 IST" name="testForinteractingWithDropDown" finished-at="2025-06-07T20:31:48 IST" duration-ms="6185" status="PASS">
          <reporter-output>
          </reporter-output>
        </test-method> <!-- testForinteractingWithDropDown -->
        <test-method signature="testForinteractingwithInputBox()[pri:0, instance:com.entrata.testcases.Test2@28701274]" started-at="2025-06-07T20:31:48 IST" name="testForinteractingwithInputBox" finished-at="2025-06-07T20:31:55 IST" duration-ms="7528" status="PASS">
          <reporter-output>
          </reporter-output>
        </test-method> <!-- testForinteractingwithInputBox -->
        <test-method is-config="true" signature="tearDown()[pri:0, instance:com.entrata.testcases.Test2@28701274]" started-at="2025-06-07T20:31:55 IST" name="tearDown" finished-at="2025-06-07T20:31:55 IST" duration-ms="1" status="PASS">
          <reporter-output>
          </reporter-output>
        </test-method> <!-- tearDown -->
      </class> <!-- com.entrata.testcases.Test2 -->
    </test> <!-- Default test -->
  </suite> <!-- Default suite -->
</testng-results>
